2026-02-07 22:43:04,477 | WARNING | ABXL | annual | empty statements
2026-02-07 22:53:03,823 | WARNING | ABXL | annual | empty statements
2026-02-07 22:54:21,460 | WARNING | ADAMG | annual | empty statements
2026-02-07 22:54:21,997 | WARNING | ADAMH | annual | empty statements
2026-02-07 22:54:22,518 | WARNING | ADAMI | annual | empty statements
2026-02-07 22:54:27,424 | WARNING | ADAMO | annual | empty statements
2026-02-07 22:55:21,496 | WARNING | AEFC | annual | empty statements
2026-02-07 22:56:01,459 | WARNING | AFGB | annual | empty statements
2026-02-07 22:56:01,994 | WARNING | AFGC | annual | empty statements
2026-02-07 22:56:02,676 | WARNING | AFGD | annual | empty statements
2026-02-07 22:56:03,215 | WARNING | AFGE | annual | empty statements
2026-02-07 22:57:57,696 | WARNING | AIZN | annual | empty statements
2026-02-07 22:59:14,493 | WARNING | ALOVU | annual | empty statements
2026-02-07 23:00:56,421 | WARNING | AMUB | annual | empty statements
2026-02-07 23:01:46,709 | WARNING | AOMD | annual | empty statements
2026-02-07 23:01:47,271 | WARNING | AOMN | annual | empty statements
2026-02-07 23:02:27,943 | WARNING | APOS | annual | empty statements
2026-02-07 23:02:53,132 | WARNING | AQNB | annual | empty statements
2026-02-07 23:05:34,250 | WARNING | ATHS | annual | empty statements
2026-02-07 23:05:39,802 | WARNING | ATLCL | annual | empty statements
2026-02-07 23:05:41,627 | WARNING | ATLCZ | annual | empty statements
2026-02-07 23:05:47,783 | WARNING | ATMP | annual | empty statements
2026-02-07 23:06:51,893 | WARNING | AVBH | annual | empty statements
2026-02-07 23:08:34,387 | WARNING | BANFP | annual | empty statements
2026-02-07 23:10:05,733 | WARNING | BCSS | annual | empty statements
2026-02-07 23:10:15,977 | WARNING | BDCX | annual | empty statements
2026-02-07 23:10:16,530 | WARNING | BDCZ | annual | empty statements
2026-02-07 23:10:50,293 | WARNING | BEPH | annual | empty statements
2026-02-07 23:10:50,830 | WARNING | BEPI | annual | empty statements
2026-02-07 23:10:51,370 | WARNING | BEPJ | annual | empty statements
2026-02-07 23:10:51,909 | WARNING | BERZ | annual | empty statements
2026-02-07 23:11:56,806 | WARNING | BHFAL | annual | empty statements
2026-02-07 23:12:36,888 | WARNING | BIPH | annual | empty statements
2026-02-07 23:12:37,403 | WARNING | BIPI | annual | empty statements
2026-02-07 23:12:38,076 | WARNING | BIPJ | annual | empty statements
2026-02-07 23:14:50,421 | WARNING | BNH | annual | empty statements
2026-02-07 23:14:51,410 | WARNING | BNJ | annual | empty statements
2026-02-07 23:15:41,238 | WARNING | BPOPM | annual | empty statements
2026-02-07 23:15:41,768 | WARNING | BPRE | annual | empty statements
2026-02-07 23:15:44,366 | WARNING | BPYPM | annual | empty statements
2026-02-07 23:16:25,831 | WARNING | BRR | annual | empty statements
2026-02-07 23:17:59,681 | WARNING | BULZ | annual | empty statements
2026-02-07 23:18:46,451 | WARNING | BWNB | annual | empty statements
2026-02-07 23:22:11,669 | WARNING | CCZ | annual | empty statements
2026-02-07 23:22:49,973 | WARNING | CEFD | annual | empty statements
2026-02-07 23:23:37,114 | WARNING | CFND | annual | empty statements
2026-02-07 23:23:45,075 | WARNING | CGABL | annual | empty statements
2026-02-07 23:24:07,058 | WARNING | CHAI | annual | empty statements
2026-02-07 23:24:46,471 | WARNING | CHSCL | annual | empty statements
2026-02-07 23:24:47,151 | WARNING | CHSCM | annual | empty statements
2026-02-07 23:24:47,755 | WARNING | CHSCN | annual | empty statements
2026-02-07 23:24:48,592 | WARNING | CHSCO | annual | empty statements
2026-02-07 23:24:49,254 | WARNING | CHSCP | annual | empty statements
2026-02-07 23:25:10,866 | WARNING | CICB | annual | empty statements
2026-02-07 23:25:31,982 | WARNING | CIMN | annual | empty statements
2026-02-07 23:25:32,493 | WARNING | CIMO | annual | empty statements
2026-02-07 23:25:33,038 | WARNING | CIMP | annual | empty statements
2026-02-07 23:25:45,766 | WARNING | CITR | annual | empty statements
2026-02-07 23:27:43,649 | WARNING | CMSA | annual | empty statements
2026-02-07 23:27:44,184 | WARNING | CMSC | annual | empty statements
2026-02-07 23:27:44,728 | WARNING | CMSD | annual | empty statements
2026-02-07 23:30:36,624 | WARNING | CRBD | annual | empty statements
2026-02-07 23:32:35,450 | WARNING | CTBB | annual | empty statements
2026-02-07 23:32:37,697 | WARNING | CTDD | annual | empty statements
2026-02-07 23:33:19,144 | WARNING | CUBB | annual | empty statements
2026-02-07 23:36:25,026 | WARNING | DCOMG | annual | empty statements
2026-02-07 23:36:46,248 | WARNING | DDT | annual | empty statements
2026-02-07 23:37:31,596 | WARNING | DGP | annual | empty statements
2026-02-07 23:37:36,511 | WARNING | DGZ | annual | empty statements
2026-02-07 23:37:40,952 | WARNING | DHCNI | annual | empty statements
2026-02-07 23:37:41,461 | WARNING | DHCNL | annual | empty statements
2026-02-07 23:38:11,497 | WARNING | DJP | annual | empty statements
2026-02-07 23:40:10,886 | WARNING | DTB | annual | empty statements
2026-02-07 23:40:13,367 | WARNING | DTCX | annual | empty statements
2026-02-07 23:40:17,451 | WARNING | DTG | annual | empty statements
2026-02-07 23:40:21,806 | WARNING | DTK | annual | empty statements
2026-02-07 23:40:26,877 | WARNING | DTW | annual | empty statements
2026-02-07 23:40:29,507 | WARNING | DUKB | annual | empty statements
2026-02-07 23:41:06,985 | WARNING | DZZ | annual | empty statements
2026-02-07 23:41:14,923 | WARNING | EAI | annual | empty statements
2026-02-07 23:41:37,230 | WARNING | ECCU | annual | empty statements
2026-02-07 23:41:37,837 | WARNING | ECCV | annual | empty statements
2026-02-07 23:41:38,349 | WARNING | ECCW | annual | empty statements
2026-02-07 23:41:38,892 | WARNING | ECCX | annual | empty statements
2026-02-07 23:43:12,160 | WARNING | EIIA | annual | empty statements
2026-02-07 23:43:27,868 | WARNING | ELC | annual | empty statements
2026-02-07 23:44:20,013 | WARNING | EMP | annual | empty statements
2026-02-07 23:44:38,551 | WARNING | ENJ | annual | empty statements
2026-02-07 23:44:43,912 | WARNING | ENO | annual | empty statements
2026-02-07 23:48:02,241 | WARNING | EVMN | annual | empty statements
2026-02-07 23:50:20,510 | WARNING | FCRX | annual | empty statements
2026-02-07 23:51:23,233 | WARNING | FGN | annual | empty statements
2026-02-07 23:51:28,553 | WARNING | FGSN | annual | empty statements
2026-02-07 23:52:51,578 | WARNING | FLYD | annual | empty statements
2026-02-07 23:52:53,801 | WARNING | FLYU | annual | empty statements
2026-02-07 23:53:26,970 | WARNING | FNGD | annual | empty statements
2026-02-07 23:53:27,486 | WARNING | FNGO | annual | empty statements
2026-02-07 23:53:29,613 | WARNING | FNGS | annual | empty statements
2026-02-07 23:54:33,010 | WARNING | FRMI | annual | empty statements
2026-02-07 23:56:51,848 | WARNING | GAINI | annual | empty statements
2026-02-07 23:56:52,372 | WARNING | GAINN | annual | empty statements
2026-02-07 23:56:52,964 | WARNING | GAINZ | annual | empty statements
2026-02-07 23:58:24,484 | WARNING | GDXD | annual | empty statements
2026-02-07 23:58:25,028 | WARNING | GDXU | annual | empty statements
2026-02-07 23:58:29,017 | WARNING | GECCG | annual | empty statements
2026-02-07 23:58:29,566 | WARNING | GECCH | annual | empty statements
2026-02-07 23:58:30,161 | WARNING | GECCI | annual | empty statements
2026-02-07 23:58:30,730 | WARNING | GECCO | annual | empty statements
2026-02-07 23:58:35,768 | WARNING | GEGGL | annual | empty statements
2026-02-08 00:00:10,185 | WARNING | GIW | annual | empty statements
2026-02-08 00:00:11,886 | WARNING | GIWWU | annual | empty statements
2026-02-08 00:00:12,550 | WARNING | GIXXU | annual | empty statements
2026-02-08 00:00:13,869 | WARNING | GJH | annual | empty statements
2026-02-08 00:00:14,410 | WARNING | GJO | annual | empty statements
2026-02-08 00:00:14,981 | WARNING | GJP | annual | empty statements
2026-02-08 00:00:15,979 | WARNING | GJR | annual | empty statements
2026-02-08 00:00:16,743 | WARNING | GJS | annual | empty statements
2026-02-08 00:00:17,319 | WARNING | GJT | annual | empty statements
2026-02-08 00:00:32,386 | WARNING | GLDI | annual | empty statements
2026-02-08 00:02:29,769 | WARNING | GPJA | annual | empty statements
2026-02-08 00:03:02,864 | WARNING | GREEL | annual | empty statements
2026-02-08 00:03:10,909 | WARNING | GRN | annual | empty statements
2026-02-08 00:05:54,554 | WARNING | HCXY | annual | empty statements
2026-02-08 00:06:00,731 | WARNING | HDLB | annual | empty statements
2026-02-08 00:07:44,942 | WARNING | HNNAZ | annual | empty statements
2026-02-08 00:09:14,441 | WARNING | HTFC | annual | empty statements
2026-02-08 00:09:47,551 | WARNING | HVMC | annual | empty statements
2026-02-08 00:09:53,466 | WARNING | HWCPZ | annual | empty statements
2026-02-08 00:11:35,954 | WARNING | IFED | annual | empty statements
2026-02-08 00:13:12,344 | WARNING | INBKZ | annual | empty statements
2026-02-08 00:15:13,856 | WARNING | IPB | annual | empty statements
2026-02-08 00:16:54,318 | WARNING | IWDL | annual | empty statements
2026-02-08 00:16:54,904 | WARNING | IWFL | annual | empty statements
2026-02-08 00:16:55,438 | WARNING | IWML | annual | empty statements
2026-02-08 00:17:23,069 | WARNING | JBIO | annual | empty statements
2026-02-08 00:17:23,574 | WARNING | JBK | annual | empty statements
2026-02-08 00:18:48,632 | WARNING | JSM | annual | empty statements
2026-02-08 00:20:21,607 | WARNING | KKRS | annual | empty statements
2026-02-08 00:20:22,192 | WARNING | KKRT | annual | empty statements
2026-02-08 00:20:42,940 | WARNING | KMPB | annual | empty statements
2026-02-08 00:22:10,211 | WARNING | KTH | annual | empty statements
2026-02-08 00:22:10,760 | WARNING | KTN | annual | empty statements
2026-02-08 07:29:02,876 | WARNING | MATX | annual | empty statements
